<?xml version="1.0" encoding="UTF-8"?>
<!-- Generated by org.testng.reporters.JUnitReportReporter -->
<testsuite hostname="Nikhil19" failures="0" tests="1" name="TestNG.Interst" time="0.001" errors="0" timestamp="2022-07-05T21:38:13 IST" skipped="0">
  <testcase classname="TestNG.Interst" name="CarIntrest" time="0.001"/>
  <system-out/>
</testsuite> <!-- TestNG.Interst -->
