<?xml version="1.0" encoding="UTF-8"?>
<!-- Generated by org.testng.reporters.JUnitReportReporter -->
<testsuite hostname="Nikhil19" failures="0" tests="1" name="Annotations.Test3" time="0.006" errors="0" timestamp="2022-07-03T12:11:33 IST" skipped="0">
  <testcase classname="Annotations.Test3" name="basketball" time="0.006"/>
  <system-out/>
</testsuite> <!-- Annotations.Test3 -->
