<?xml version="1.0" encoding="UTF-8"?>
<!-- Generated by org.testng.reporters.JUnitReportReporter -->
<testsuite hostname="Nikhil19" failures="0" tests="1" name="Annotations.Test1" time="0.017" errors="0" timestamp="2022-07-05T21:39:08 IST" skipped="0">
  <testcase classname="Annotations.Test1" name="sub" time="0.017"/>
  <system-out/>
</testsuite> <!-- Annotations.Test1 -->
