<?xml version="1.0" encoding="UTF-8"?>
<!-- Generated by org.testng.reporters.JUnitReportReporter -->
<testsuite hostname="Nikhil19" failures="0" tests="1" name="TestNG.Login" time="0.011" errors="0" timestamp="2022-07-01T21:48:03 IST" skipped="0">
  <testcase classname="TestNG.Login" name="Homepage" time="0.011"/>
  <system-out/>
</testsuite> <!-- TestNG.Login -->
