<?xml version="1.0" encoding="UTF-8"?>
<!-- Generated by org.testng.reporters.JUnitReportReporter -->
<testsuite hostname="Nikhil19" failures="0" tests="1" name="TestNG.Login" time="0.008" errors="0" timestamp="2022-07-05T21:38:13 IST" skipped="0">
  <testcase classname="TestNG.Login" name="Homepage" time="0.008"/>
  <system-out/>
</testsuite> <!-- TestNG.Login -->
