<?xml version="1.0" encoding="UTF-8"?>
<!-- Generated by org.testng.reporters.JUnitReportReporter -->
<testsuite hostname="Nikhil19" failures="0" tests="3" name="Annotations.Test4" time="0.037" errors="0" timestamp="2022-07-03T12:11:33 IST" skipped="0">
  <testcase classname="Annotations.Test4" name="Degree" time="0.004"/>
  <system-out/>
  <testcase classname="Annotations.Test4" name="before" time="0.028"/>
  <system-out/>
  <testcase classname="Annotations.Test4" name="Master" time="0.005"/>
  <system-out/>
</testsuite> <!-- Annotations.Test4 -->
