<?xml version="1.0" encoding="UTF-8"?>
<!-- Generated by org.testng.reporters.JUnitReportReporter -->
<testsuite hostname="Nikhil19" failures="0" tests="1" name="Annotations.Test2" time="0.002" errors="0" timestamp="2022-07-05T21:39:08 IST" skipped="0">
  <testcase classname="Annotations.Test2" name="bike" time="0.002"/>
  <system-out/>
</testsuite> <!-- Annotations.Test2 -->
