<?xml version="1.0" encoding="UTF-8"?>
<!-- Generated by org.testng.reporters.JUnitReportReporter -->
<testsuite hostname="Nikhil19" failures="0" tests="2" name="TestNG.Test2" time="0.007" errors="0" timestamp="2022-07-01T19:04:45 IST" skipped="0">
  <testcase classname="TestNG.Test2" name="Homepage" time="0.001"/>
  <system-out/>
  <testcase classname="TestNG.Test2" name="Login" time="0.006"/>
  <system-out/>
</testsuite> <!-- TestNG.Test2 -->
