<?xml version="1.0" encoding="UTF-8"?>
<!-- Generated by org.testng.reporters.JUnitReportReporter -->
<testsuite hostname="Nikhil19" failures="0" tests="4" name="Annotations.Test4" time="0.009" errors="0" timestamp="2022-07-05T21:39:08 IST" skipped="0">
  <testcase classname="Annotations.Test4" name="Degree" time="0.002"/>
  <system-out/>
  <testcase classname="Annotations.Test4" name="Master" time="0.002"/>
  <system-out/>
  <testcase classname="Annotations.Test4" name="before" time="0.003"/>
  <system-out/>
  <testcase classname="Annotations.Test4" name="Degree" time="0.002"/>
  <system-out/>
</testsuite> <!-- Annotations.Test4 -->
