<?xml version="1.0" encoding="UTF-8"?>
<!-- Generated by org.testng.reporters.JUnitReportReporter -->
<testsuite hostname="Nikhil19" failures="0" tests="1" name="NewTest" time="0.010" errors="0" timestamp="2022-07-01T12:18:23 IST" skipped="0">
  <testcase classname="NewTest" name="Demo" time="0.010"/>
  <system-out/>
</testsuite> <!-- NewTest -->
