<?xml version="1.0" encoding="UTF-8"?>
<!-- Generated by org.testng.reporters.JUnitReportReporter -->
<testsuite hostname="Nikhil19" failures="0" tests="2" name="TestNG.Test1" time="0.018" errors="0" timestamp="2022-07-01T19:04:45 IST" skipped="0">
  <testcase classname="TestNG.Test1" name="CarLoan" time="0.013"/>
  <system-out/>
  <testcase classname="TestNG.Test1" name="HomeLoan" time="0.005"/>
  <system-out/>
</testsuite> <!-- TestNG.Test1 -->
