<?xml version="1.0" encoding="UTF-8"?>
<!-- Generated by org.testng.reporters.JUnitReportReporter -->
<testsuite hostname="Nikhil19" failures="0" tests="1" name="Annotations.Test2" time="0.005" errors="0" timestamp="2022-07-03T12:11:33 IST" skipped="0">
  <testcase classname="Annotations.Test2" name="bike" time="0.005"/>
  <system-out/>
</testsuite> <!-- Annotations.Test2 -->
