<?xml version="1.0" encoding="UTF-8"?>
<!-- Generated by org.testng.reporters.JUnitReportReporter -->
<testsuite hostname="Nikhil19" failures="0" tests="1" name="TestNG.Loan" time="0.002" errors="0" timestamp="2022-07-01T21:48:03 IST" skipped="0">
  <testcase classname="TestNG.Loan" name="HomeLoan" time="0.002"/>
  <system-out/>
</testsuite> <!-- TestNG.Loan -->
