<?xml version="1.0" encoding="UTF-8"?>
<!-- Generated by org.testng.reporters.JUnitReportReporter -->
<testsuite hostname="Nikhil19" failures="0" tests="2" name="Annotations.Test5" time="0.007" errors="0" timestamp="2022-07-02T23:25:01 IST" skipped="0">
  <testcase classname="Annotations.Test5" name="login" time="0.005"/>
  <system-out/>
  <testcase classname="Annotations.Test5" name="login" time="0.002"/>
  <system-out/>
</testsuite> <!-- Annotations.Test5 -->
