<?xml version="1.0" encoding="UTF-8"?>
<!-- Generated by org.testng.reporters.JUnitReportReporter -->
<testsuite hostname="Nikhil19" failures="0" tests="2" name="TestNG.Test3" time="0.009" errors="0" timestamp="2022-07-01T19:19:09 IST" skipped="1">
  <testcase classname="TestNG.Test3" name="CarIntrest" time="0.009"/>
  <system-out/>
  <testcase classname="TestNG.Test3" name="HoemIntrest">
    <skipped/>
  </testcase> <!-- HoemIntrest -->
  <system-out/>
</testsuite> <!-- TestNG.Test3 -->
